<?xml version="1.0" encoding="UTF-8"?>
<!-- Generated by org.testng.reporters.JUnitReportReporter -->
<testsuite hostname="DESKTOP-5NL0SLF" failures="0" tests="3" name="FirstTest" time="0.020" errors="0" timestamp="2024-03-03T11:26:14 IST" skipped="0">
  <testcase classname="FirstTest" name="home" time="0.002"/>
  <system-out/>
  <testcase classname="FirstTest" name="adhoc" time="0.003"/>
  <system-out/>
  <testcase classname="FirstTest" name="Login" time="0.015"/>
  <system-out/>
</testsuite> <!-- FirstTest -->
