<?xml version="1.0" encoding="UTF-8"?>
<!-- Generated by org.testng.reporters.JUnitReportReporter -->
<testsuite hostname="DESKTOP-5NL0SLF" failures="0" tests="6" name="SeleniumTestNG.PriorityKeyword2" time="0.033" errors="0" timestamp="2024-03-03T11:43:33 IST" skipped="0">
  <testcase classname="SeleniumTestNG.PriorityKeyword2" name="z" time="0.015"/>
  <system-out/>
  <testcase classname="SeleniumTestNG.PriorityKeyword2" name="b" time="0.003"/>
  <system-out/>
  <testcase classname="SeleniumTestNG.PriorityKeyword2" name="Logout" time="0.003"/>
  <system-out/>
  <testcase classname="SeleniumTestNG.PriorityKeyword2" name="Login" time="0.004"/>
  <system-out/>
  <testcase classname="SeleniumTestNG.PriorityKeyword2" name="Home" time="0.003"/>
  <system-out/>
  <testcase classname="SeleniumTestNG.PriorityKeyword2" name="ad" time="0.005"/>
  <system-out/>
</testsuite> <!-- SeleniumTestNG.PriorityKeyword2 -->
