<?xml version="1.0" encoding="UTF-8"?>
<!-- Generated by org.testng.reporters.JUnitReportReporter -->
<testsuite hostname="DESKTOP-5NL0SLF" failures="0" tests="7" name="SeleniumTestNG.InvocationCount" time="43.650" errors="0" timestamp="2024-03-03T12:04:03 IST" skipped="0">
  <testcase classname="SeleniumTestNG.InvocationCount" name="loginbutton" time="0.227"/>
  <system-out/>
  <testcase classname="SeleniumTestNG.InvocationCount" name="loginbutton" time="6.111"/>
  <system-out/>
  <testcase classname="SeleniumTestNG.InvocationCount" name="loginbutton" time="1.119"/>
  <system-out/>
  <testcase classname="SeleniumTestNG.InvocationCount" name="chromeopen" time="8.076"/>
  <system-out/>
  <testcase classname="SeleniumTestNG.InvocationCount" name="chromeopen" time="10.585"/>
  <system-out/>
  <testcase classname="SeleniumTestNG.InvocationCount" name="login" time="0.484"/>
  <system-out/>
  <testcase classname="SeleniumTestNG.InvocationCount" name="chromeopen" time="17.048"/>
  <system-out/>
</testsuite> <!-- SeleniumTestNG.InvocationCount -->
