<?xml version="1.0" encoding="UTF-8"?>
<!-- Generated by org.testng.reporters.JUnitReportReporter -->
<testsuite hostname="DESKTOP-5NL0SLF" failures="0" tests="3" name="SeleniumTestNG.FirstProgram" time="0.041" errors="0" timestamp="2024-03-03T11:29:11 IST" skipped="0">
  <testcase classname="SeleniumTestNG.FirstProgram" name="ab" time="0.013"/>
  <system-out/>
  <testcase classname="SeleniumTestNG.FirstProgram" name="Login" time="0.017"/>
  <system-out/>
  <testcase classname="SeleniumTestNG.FirstProgram" name="home" time="0.011"/>
  <system-out/>
</testsuite> <!-- SeleniumTestNG.FirstProgram -->
