<?xml version="1.0" encoding="UTF-8"?>
<!-- Generated by org.testng.reporters.JUnitReportReporter -->
<testsuite hostname="DESKTOP-5NL0SLF" failures="0" tests="4" name="SeleniumTestNG.TestNgKeywards" time="0.033" errors="0" timestamp="2024-03-03T12:17:20 IST" skipped="1">
  <testcase classname="SeleniumTestNG.TestNgKeywards" name="logout" time="0.002"/>
  <system-out/>
  <testcase classname="SeleniumTestNG.TestNgKeywards" name="logout" time="0.029"/>
  <system-out/>
  <testcase classname="SeleniumTestNG.TestNgKeywards" name="logout" time="0.002"/>
  <system-out/>
  <testcase classname="SeleniumTestNG.TestNgKeywards" name="login">
    <skipped/>
  </testcase> <!-- login -->
  <system-out/>
</testsuite> <!-- SeleniumTestNG.TestNgKeywards -->
