<?xml version="1.0" encoding="UTF-8"?>
<!-- Generated by org.testng.reporters.JUnitReportReporter -->
<testsuite hostname="DESKTOP-5NL0SLF" failures="0" tests="4" name="SeleniumTestNG.PriorityKeyword" time="0.036" errors="0" timestamp="2024-03-03T11:38:28 IST" skipped="0">
  <testcase classname="SeleniumTestNG.PriorityKeyword" name="z" time="0.018"/>
  <system-out/>
  <testcase classname="SeleniumTestNG.PriorityKeyword" name="Logout" time="0.007"/>
  <system-out/>
  <testcase classname="SeleniumTestNG.PriorityKeyword" name="Login" time="0.004"/>
  <system-out/>
  <testcase classname="SeleniumTestNG.PriorityKeyword" name="Home" time="0.007"/>
  <system-out/>
</testsuite> <!-- SeleniumTestNG.PriorityKeyword -->
