<?xml version="1.0" encoding="UTF-8"?>
<!-- Generated by org.testng.reporters.JUnitReportReporter -->
<testsuite hostname="DESKTOP-5NL0SLF" failures="0" tests="3" name="SeleniumTestNG.enableKeyword" time="0.018" errors="0" timestamp="2024-03-03T12:13:22 IST" skipped="1">
  <testcase classname="SeleniumTestNG.enableKeyword" name="logout" time="0.015"/>
  <system-out/>
  <testcase classname="SeleniumTestNG.enableKeyword" name="home" time="0.003"/>
  <system-out/>
  <testcase classname="SeleniumTestNG.enableKeyword" name="login">
    <skipped/>
  </testcase> <!-- login -->
  <system-out/>
</testsuite> <!-- SeleniumTestNG.enableKeyword -->
