<?xml version="1.0" encoding="UTF-8"?>
<!-- Generated by org.testng.reporters.JUnitReportReporter -->
<testsuite hostname="DESKTOP-5NL0SLF" failures="0" tests="3" name="SeleniumTestNG.flipkart" time="20.962" errors="0" timestamp="2024-03-03T12:36:59 IST" skipped="0">
  <testcase classname="SeleniumTestNG.flipkart" name="browserlaunch" time="13.327"/>
  <system-out/>
  <testcase classname="SeleniumTestNG.flipkart" name="searchproduct" time="6.917"/>
  <system-out/>
  <testcase classname="SeleniumTestNG.flipkart" name="clickOnproduct" time="0.718"/>
  <system-out/>
</testsuite> <!-- SeleniumTestNG.flipkart -->
